📝 
📝 
📝 ==============================
📝 === Build Workflow Started ===
📝 ==============================
📝 
📝 Timestamp: 2026-01-10T06:46:24.547Z
📝 
📝 === Installing dependencies ===

added 40 packages, and audited 41 packages in 2s

6 packages are looking for funding
  run `npm fund` for details

found 0 vulnerabilities
📝 
📝 === Running type check ===

> pongpush@1.0.0 type-check
> npm run type-check:app && npm run type-check:workflows


> pongpush@1.0.0 type-check:app
> tsc --noEmit


> pongpush@1.0.0 type-check:workflows
> tsc --project src/workflows/tsconfig.json --noEmit

src/workflows/check-pipeline-api.ts(121,10): error TS18046: 'data' is of type 'unknown'.
src/workflows/check-pipeline-api.ts(142,10): error TS18046: 'data' is of type 'unknown'.
src/workflows/check-pipeline-api.ts(163,10): error TS18046: 'data' is of type 'unknown'.
❌ Running type check failed
